<?xml version="1.0" encoding="UTF-8"?>
<!-- Generated by org.testng.reporters.JUnitXMLReporter -->
<testsuite hostname="ankit-PC" name="Default test" tests="4" failures="0" timestamp="3 Aug 2019 02:58:36 GMT" time="91.756" errors="0">
  <testcase name="verifyContactsPageLabel" time="0.156" classname="com.crm.qa.testcase.ContactsPageTest"/>
  <testcase name="selectSingleContactsTest" time="0.177" classname="com.crm.qa.testcase.ContactsPageTest"/>
  <testcase name="selectMultipleContactsTest" time="0.424" classname="com.crm.qa.testcase.ContactsPageTest"/>
  <testcase name="validateCreateNewContact" time="2.41" classname="com.crm.qa.testcase.ContactsPageTest">
    <skipped/>
  </testcase> <!-- validateCreateNewContact -->
</testsuite> <!-- Default test -->
